{"/Users/supriya/Desktop/eventonica-code/server/app.mjs": {"path":"/Users/supriya/Desktop/eventonica-code/server/app.mjs","statementMap":{"0":{"start":{"line":12,"column":12},"end":{"line":12,"column":21}},"1":{"start":{"line":14,"column":19},"end":{"line":14,"column":49}},"2":{"start":{"line":15,"column":18},"end":{"line":15,"column":42}},"3":{"start":{"line":17,"column":0},"end":{"line":17,"column":45}},"4":{"start":{"line":20,"column":0},"end":{"line":20,"column":48}},"5":{"start":{"line":21,"column":0},"end":{"line":21,"column":30}},"6":{"start":{"line":23,"column":0},"end":{"line":23,"column":23}},"7":{"start":{"line":24,"column":0},"end":{"line":24,"column":24}},"8":{"start":{"line":25,"column":0},"end":{"line":25,"column":49}},"9":{"start":{"line":26,"column":0},"end":{"line":26,"column":24}},"10":{"start":{"line":27,"column":0},"end":{"line":27,"column":56}},"11":{"start":{"line":28,"column":0},"end":{"line":28,"column":16}},"12":{"start":{"line":30,"column":0},"end":{"line":30,"column":26}},"13":{"start":{"line":31,"column":0},"end":{"line":31,"column":31}},"14":{"start":{"line":34,"column":0},"end":{"line":36,"column":3}},"15":{"start":{"line":35,"column":2},"end":{"line":35,"column":25}},"16":{"start":{"line":39,"column":0},"end":{"line":47,"column":3}},"17":{"start":{"line":41,"column":2},"end":{"line":41,"column":35}},"18":{"start":{"line":42,"column":2},"end":{"line":42,"column":69}},"19":{"start":{"line":45,"column":2},"end":{"line":45,"column":32}},"20":{"start":{"line":46,"column":2},"end":{"line":46,"column":22}}},"fnMap":{"0":{"name":"(anonymous_0)","decl":{"start":{"line":34,"column":8},"end":{"line":34,"column":9}},"loc":{"start":{"line":34,"column":34},"end":{"line":36,"column":1}},"line":34},"1":{"name":"(anonymous_1)","decl":{"start":{"line":39,"column":8},"end":{"line":39,"column":9}},"loc":{"start":{"line":39,"column":39},"end":{"line":47,"column":1}},"line":39}},"branchMap":{"0":{"loc":{"start":{"line":42,"column":21},"end":{"line":42,"column":68}},"type":"cond-expr","locations":[{"start":{"line":42,"column":60},"end":{"line":42,"column":63}},{"start":{"line":42,"column":66},"end":{"line":42,"column":68}}],"line":42},"1":{"loc":{"start":{"line":45,"column":13},"end":{"line":45,"column":30}},"type":"binary-expr","locations":[{"start":{"line":45,"column":13},"end":{"line":45,"column":23}},{"start":{"line":45,"column":27},"end":{"line":45,"column":30}}],"line":45}},"s":{"0":1,"1":1,"2":1,"3":1,"4":1,"5":1,"6":1,"7":1,"8":1,"9":1,"10":1,"11":1,"12":1,"13":1,"14":1,"15":1,"16":1,"17":1,"18":1,"19":1,"20":1},"f":{"0":1,"1":1},"b":{"0":[0,1],"1":[1,0]},"inputSourceMap":null,"_coverageSchema":"1a1c01bbd47fc00a2c39e90264f33305004495a9","hash":"0ded752193a8cd0369f1b87c2cc0274e9445c442"}
,"/Users/supriya/Desktop/eventonica-code/server/db/db-connection.js": {"path":"/Users/supriya/Desktop/eventonica-code/server/db/db-connection.js","statementMap":{"0":{"start":{"line":4,"column":12},"end":{"line":4,"column":25}},"1":{"start":{"line":6,"column":11},"end":{"line":6,"column":54}}},"fnMap":{},"branchMap":{},"s":{"0":1,"1":1},"f":{},"b":{},"_coverageSchema":"1a1c01bbd47fc00a2c39e90264f33305004495a9","hash":"b17b8697d9198a1d024f41d011d9bde0d668c973"}
,"/Users/supriya/Desktop/eventonica-code/server/routes/index.mjs": {"path":"/Users/supriya/Desktop/eventonica-code/server/routes/index.mjs","statementMap":{"0":{"start":{"line":3,"column":15},"end":{"line":3,"column":31}},"1":{"start":{"line":6,"column":0},"end":{"line":8,"column":3}},"2":{"start":{"line":7,"column":2},"end":{"line":7,"column":44}}},"fnMap":{"0":{"name":"(anonymous_0)","decl":{"start":{"line":6,"column":16},"end":{"line":6,"column":17}},"loc":{"start":{"line":6,"column":42},"end":{"line":8,"column":1}},"line":6}},"branchMap":{},"s":{"0":1,"1":1,"2":1},"f":{"0":1},"b":{},"inputSourceMap":null,"_coverageSchema":"1a1c01bbd47fc00a2c39e90264f33305004495a9","hash":"5fd11a2ed2100912bb7fe56270061e68d2b13069"}
,"/Users/supriya/Desktop/eventonica-code/server/routes/users.mjs": {"path":"/Users/supriya/Desktop/eventonica-code/server/routes/users.mjs","statementMap":{"0":{"start":{"line":4,"column":15},"end":{"line":4,"column":31}},"1":{"start":{"line":7,"column":0},"end":{"line":14,"column":3}},"2":{"start":{"line":8,"column":2},"end":{"line":13,"column":3}},"3":{"start":{"line":9,"column":18},"end":{"line":9,"column":61}},"4":{"start":{"line":10,"column":4},"end":{"line":10,"column":20}},"5":{"start":{"line":12,"column":4},"end":{"line":12,"column":39}},"6":{"start":{"line":18,"column":0},"end":{"line":34,"column":3}},"7":{"start":{"line":19,"column":15},"end":{"line":22,"column":3}},"8":{"start":{"line":24,"column":2},"end":{"line":33,"column":3}},"9":{"start":{"line":25,"column":24},"end":{"line":28,"column":5}},"10":{"start":{"line":29,"column":4},"end":{"line":29,"column":29}},"11":{"start":{"line":30,"column":4},"end":{"line":30,"column":26}},"12":{"start":{"line":32,"column":4},"end":{"line":32,"column":39}},"13":{"start":{"line":41,"column":0},"end":{"line":50,"column":3}},"14":{"start":{"line":43,"column":17},"end":{"line":43,"column":30}},"15":{"start":{"line":44,"column":2},"end":{"line":49,"column":3}},"16":{"start":{"line":45,"column":4},"end":{"line":45,"column":61}},"17":{"start":{"line":46,"column":4},"end":{"line":46,"column":36}},"18":{"start":{"line":48,"column":4},"end":{"line":48,"column":39}}},"fnMap":{"0":{"name":"(anonymous_0)","decl":{"start":{"line":7,"column":16},"end":{"line":7,"column":17}},"loc":{"start":{"line":7,"column":48},"end":{"line":14,"column":1}},"line":7},"1":{"name":"(anonymous_1)","decl":{"start":{"line":18,"column":17},"end":{"line":18,"column":18}},"loc":{"start":{"line":18,"column":37},"end":{"line":34,"column":1}},"line":18},"2":{"name":"(anonymous_2)","decl":{"start":{"line":41,"column":22},"end":{"line":41,"column":23}},"loc":{"start":{"line":41,"column":42},"end":{"line":50,"column":1}},"line":41}},"branchMap":{},"s":{"0":1,"1":1,"2":1,"3":1,"4":1,"5":0,"6":1,"7":0,"8":0,"9":0,"10":0,"11":0,"12":0,"13":1,"14":0,"15":0,"16":0,"17":0,"18":0},"f":{"0":1,"1":0,"2":0},"b":{},"inputSourceMap":null,"_coverageSchema":"1a1c01bbd47fc00a2c39e90264f33305004495a9","hash":"888b961df651f9cd7e5221f0e41d4b40daadb9a1"}
}
